Using pre-set license
Built from '2020.3/staging' branch; Version is '2020.3.0f1 (c7b5465681fb) revision 13088070'; Using compiler version '192528614'; Build Type 'Release'
OS: 'Windows 10 Pro; OS build 19042.985; Version 2009; 64bit' Language: 'ru' Physical Memory: 12252 MB
BatchMode: 1, IsHumanControllingUs: 0, StartBugReporterOnCrash: 0, Is64bit: 1, IsPro: 0

 COMMAND LINE ARGUMENTS:
C:\Program Files\Unity\Hub\Editor\2020.3.0f1\Editor\Unity.exe
-adb2
-batchMode
-noUpm
-name
AssetImportWorker0
-projectPath
C:/Users/ANKquil/Repositories/Games/CubeJ/Cube's journey
-logFile
Logs/AssetImportWorker0.log
-srvPort
56162
Successfully changed project path to: C:/Users/ANKquil/Repositories/Games/CubeJ/Cube's journey
C:/Users/ANKquil/Repositories/Games/CubeJ/Cube's journey
Using Asset Import Pipeline V2.
Refreshing native plugins compatible for Editor in 27.36 ms, found 0 plugins.
Preloading 0 native plugins for Editor in 0.00 ms.
Initialize engine version: 2020.3.0f1 (c7b5465681fb)
[Subsystems] Discovering subsystems at path C:/Program Files/Unity/Hub/Editor/2020.3.0f1/Editor/Data/Resources/UnitySubsystems
[Subsystems] Discovering subsystems at path C:/Users/ANKquil/Repositories/Games/CubeJ/Cube's journey/Assets
GfxDevice: creating device client; threaded=0
Direct3D:
    Version:  Direct3D 11.0 [level 11.1]
    Renderer: NVIDIA GeForce GTX 1060 6GB (ID=0x1c03)
    Vendor:   
    VRAM:     6052 MB
    Driver:   27.21.14.6611
Initialize mono
Mono path[0] = 'C:/Program Files/Unity/Hub/Editor/2020.3.0f1/Editor/Data/Managed'
Mono path[1] = 'C:/Program Files/Unity/Hub/Editor/2020.3.0f1/Editor/Data/MonoBleedingEdge/lib/mono/unityjit'
Mono config path = 'C:/Program Files/Unity/Hub/Editor/2020.3.0f1/Editor/Data/MonoBleedingEdge/etc'
Using monoOptions --debugger-agent=transport=dt_socket,embedding=1,server=y,suspend=n,address=127.0.0.1:56092
Begin MonoManager ReloadAssembly
Registering precompiled unity dll's ...
Register platform support module: C:/Program Files/Unity/Hub/Editor/2020.3.0f1/Editor/Data/PlaybackEngines/WindowsStandaloneSupport/UnityEditor.WindowsStandalone.Extensions.dll
Registered in 0.002142 seconds.
Native extension for WindowsStandalone target not found
Refreshing native plugins compatible for Editor in 27.07 ms, found 0 plugins.
Preloading 0 native plugins for Editor in 0.00 ms.
Invoked RoslynAnalysisRunner static constructor.
RoslynAnalysisRunner will not be running.
RoslynAnalysisRunner has terminated.
Mono: successfully reloaded assembly
- Completed reload, in  2.163 seconds
Platform modules already initialized, skipping
Registering precompiled user dll's ...
Registered in 0.002296 seconds.
Begin MonoManager ReloadAssembly
Native extension for WindowsStandalone target not found
Refreshing native plugins compatible for Editor in 0.21 ms, found 0 plugins.
Preloading 0 native plugins for Editor in 0.00 ms.
Invoked RoslynAnalysisRunner static constructor.
RoslynAnalysisRunner will not be running.
RoslynAnalysisRunner has terminated.
Mono: successfully reloaded assembly
- Completed reload, in  1.046 seconds
Platform modules already initialized, skipping
========================================================================
Worker process is ready to serve import requests
Launched and connected shader compiler UnityShaderCompiler.exe after 0.07 seconds
Refreshing native plugins compatible for Editor in 0.20 ms, found 0 plugins.
Preloading 0 native plugins for Editor in 0.00 ms.
Unloading 1113 Unused Serialized files (Serialized files now loaded: 0)
System memory in use before: 57.0 MB.
System memory in use after: 57.0 MB.

Unloading 10 unused Assets to reduce memory usage. Loaded Objects now: 1555.
Total: 1.883000 ms (FindLiveObjects: 0.150000 ms CreateObjectMapping: 0.045300 ms MarkObjects: 1.602500 ms  DeleteObjects: 0.084200 ms)

========================================================================
Received Import Request.
  path: Assets
  artifactKey: Guid(00000000000000001000000000000000) Importer(815301076,1909f56bfc062723c751e8b465ee728b)
Start importing Assets using Guid(00000000000000001000000000000000) Importer(815301076,1909f56bfc062723c751e8b465ee728b)  -> (artifact id: '42baae205c97e3337697759514652acd') in 0.012084 seconds
  Import took 0.014167 seconds .

========================================================================
Received Import Request.
  Time since last request: 3.632344 seconds.
  path: Assets/Scripts
  artifactKey: Guid(0d7e4f748e4676640a51804b7c3abf2e) Importer(815301076,1909f56bfc062723c751e8b465ee728b)
Start importing Assets/Scripts using Guid(0d7e4f748e4676640a51804b7c3abf2e) Importer(815301076,1909f56bfc062723c751e8b465ee728b)  -> (artifact id: 'e9f6514902b700abfaf6ee8d6be11ed4') in 0.011327 seconds
  Import took 0.013259 seconds .

========================================================================
Received Import Request.
  Time since last request: 37.748875 seconds.
  path: Assets/Scripts/PlayerController.cs
  artifactKey: Guid(8ee92a410a88c8b46b6f9bc621104978) Importer(815301076,1909f56bfc062723c751e8b465ee728b)
Start importing Assets/Scripts/PlayerController.cs using Guid(8ee92a410a88c8b46b6f9bc621104978) Importer(815301076,1909f56bfc062723c751e8b465ee728b)  -> (artifact id: '7e43dcd4170cdfa11e441735cc9fe5c7') in 0.052607 seconds
  Import took 0.055336 seconds .

========================================================================
Received Prepare
Registering precompiled user dll's ...
Registered in 0.000775 seconds.
Begin MonoManager ReloadAssembly
Native extension for WindowsStandalone target not found
Refreshing native plugins compatible for Editor in 0.22 ms, found 0 plugins.
Preloading 0 native plugins for Editor in 0.00 ms.
Invoked RoslynAnalysisRunner static constructor.
RoslynAnalysisRunner will not be running.
RoslynAnalysisRunner has terminated.
Mono: successfully reloaded assembly
- Completed reload, in  0.985 seconds
Platform modules already initialized, skipping
Refreshing native plugins compatible for Editor in 0.21 ms, found 0 plugins.
Preloading 0 native plugins for Editor in 0.00 ms.
Unloading 1109 Unused Serialized files (Serialized files now loaded: 0)
System memory in use before: 57.0 MB.
System memory in use after: 57.0 MB.

Unloading 5 unused Assets to reduce memory usage. Loaded Objects now: 1559.
Total: 1.799500 ms (FindLiveObjects: 0.146000 ms CreateObjectMapping: 0.038900 ms MarkObjects: 1.559000 ms  DeleteObjects: 0.054600 ms)

========================================================================
Received Import Request.
  Time since last request: 125.522643 seconds.
  path: Assets/Scripts/GameController.cs
  artifactKey: Guid(fd1561c00040a9443aaae73072dc91e4) Importer(815301076,1909f56bfc062723c751e8b465ee728b)
Start importing Assets/Scripts/GameController.cs using Guid(fd1561c00040a9443aaae73072dc91e4) Importer(815301076,1909f56bfc062723c751e8b465ee728b)  -> (artifact id: '09c1a3890ac7b36dc4edad328aaf1847') in 0.015166 seconds
  Import took 0.020085 seconds .

========================================================================
Received Import Request.
  Time since last request: 0.000418 seconds.
  path: Assets/Scripts/GameController.cs
  artifactKey: Guid(fd1561c00040a9443aaae73072dc91e4) Importer(815301076,1909f56bfc062723c751e8b465ee728b)
Start importing Assets/Scripts/GameController.cs using Guid(fd1561c00040a9443aaae73072dc91e4) Importer(815301076,1909f56bfc062723c751e8b465ee728b)  -> (artifact id: '09c1a3890ac7b36dc4edad328aaf1847') in 0.012076 seconds
  Import took 0.019133 seconds .

========================================================================
Received Prepare
Registering precompiled user dll's ...
Registered in 0.000721 seconds.
Begin MonoManager ReloadAssembly
Native extension for WindowsStandalone target not found
Refreshing native plugins compatible for Editor in 0.22 ms, found 0 plugins.
Preloading 0 native plugins for Editor in 0.00 ms.
Invoked RoslynAnalysisRunner static constructor.
RoslynAnalysisRunner will not be running.
RoslynAnalysisRunner has terminated.
Mono: successfully reloaded assembly
- Completed reload, in  0.888 seconds
Platform modules already initialized, skipping
Refreshing native plugins compatible for Editor in 0.20 ms, found 0 plugins.
Preloading 0 native plugins for Editor in 0.00 ms.
Unloading 1110 Unused Serialized files (Serialized files now loaded: 0)
System memory in use before: 57.0 MB.
System memory in use after: 57.1 MB.

Unloading 5 unused Assets to reduce memory usage. Loaded Objects now: 1563.
Total: 1.716800 ms (FindLiveObjects: 0.145900 ms CreateObjectMapping: 0.038500 ms MarkObjects: 1.459700 ms  DeleteObjects: 0.071900 ms)

========================================================================
Received Import Request.
  Time since last request: 26.894138 seconds.
  path: Assets/Scripts/CamController.cs
  artifactKey: Guid(b0052d187ed97e643aefb070a6162bee) Importer(815301076,1909f56bfc062723c751e8b465ee728b)
Start importing Assets/Scripts/CamController.cs using Guid(b0052d187ed97e643aefb070a6162bee) Importer(815301076,1909f56bfc062723c751e8b465ee728b)  -> (artifact id: '4b78f2cf3963d16e33c167e65f7475f3') in 0.016522 seconds
  Import took 0.020408 seconds .

========================================================================
Received Prepare
Registering precompiled user dll's ...
Registered in 0.000862 seconds.
Begin MonoManager ReloadAssembly
Native extension for WindowsStandalone target not found
Refreshing native plugins compatible for Editor in 0.26 ms, found 0 plugins.
Preloading 0 native plugins for Editor in 0.00 ms.
Invoked RoslynAnalysisRunner static constructor.
RoslynAnalysisRunner will not be running.
RoslynAnalysisRunner has terminated.
Mono: successfully reloaded assembly
- Completed reload, in  0.872 seconds
Platform modules already initialized, skipping
Refreshing native plugins compatible for Editor in 0.20 ms, found 0 plugins.
Preloading 0 native plugins for Editor in 0.00 ms.
Unloading 1111 Unused Serialized files (Serialized files now loaded: 0)
System memory in use before: 57.0 MB.
System memory in use after: 57.1 MB.

Unloading 5 unused Assets to reduce memory usage. Loaded Objects now: 1567.
Total: 2.053800 ms (FindLiveObjects: 0.149300 ms CreateObjectMapping: 0.042100 ms MarkObjects: 1.807200 ms  DeleteObjects: 0.053900 ms)

========================================================================
Received Prepare
Registering precompiled user dll's ...
Registered in 0.000788 seconds.
Begin MonoManager ReloadAssembly
Native extension for WindowsStandalone target not found
Refreshing native plugins compatible for Editor in 0.21 ms, found 0 plugins.
Preloading 0 native plugins for Editor in 0.00 ms.
Invoked RoslynAnalysisRunner static constructor.
RoslynAnalysisRunner will not be running.
RoslynAnalysisRunner has terminated.
Mono: successfully reloaded assembly
- Completed reload, in  1.253 seconds
Platform modules already initialized, skipping
Refreshing native plugins compatible for Editor in 0.23 ms, found 0 plugins.
Preloading 0 native plugins for Editor in 0.00 ms.
Unloading 1111 Unused Serialized files (Serialized files now loaded: 0)
System memory in use before: 57.1 MB.
System memory in use after: 57.1 MB.

Unloading 5 unused Assets to reduce memory usage. Loaded Objects now: 1570.
Total: 1.819000 ms (FindLiveObjects: 0.216600 ms CreateObjectMapping: 0.040700 ms MarkObjects: 1.502100 ms  DeleteObjects: 0.057000 ms)

========================================================================
Received Import Request.
  Time since last request: 213.863066 seconds.
  path: Assets/Scripts/GameController.cs
  artifactKey: Guid(fd1561c00040a9443aaae73072dc91e4) Importer(815301076,1909f56bfc062723c751e8b465ee728b)
Start importing Assets/Scripts/GameController.cs using Guid(fd1561c00040a9443aaae73072dc91e4) Importer(815301076,1909f56bfc062723c751e8b465ee728b)  -> (artifact id: '42e76a0a9e7157ed2938503764d4abfd') in 0.008662 seconds
  Import took 0.010746 seconds .

AssetImportWorkerClient::OnTransportError - code=2 error=End of file
